-outxml
-source
1.6
-target
1.6
-classpath
/Users/carlosalvite/.m2/repository/c3p0/c3p0/0.9.1.2/c3p0-0.9.1.2.jar:/Users/carlosalvite/.m2/repository/commons-fileupload/commons-fileupload/1.2.2/commons-fileupload-1.2.2.jar:/Users/carlosalvite/.m2/repository/edu/emory/mathcs/backport/com.springsource.edu.emory.mathcs.backport/3.1.0/com.springsource.edu.emory.mathcs.backport-3.1.0.jar:/Users/carlosalvite/.m2/repository/edu/oswego/cs/concurrent/com.springsource.edu.oswego.cs.dl.util.concurrent/1.3.4/com.springsource.edu.oswego.cs.dl.util.concurrent-1.3.4.jar:/Users/carlosalvite/.m2/repository/javax/persistence/com.springsource.javax.persistence/1.0.0/com.springsource.javax.persistence-1.0.0.jar:/Users/carlosalvite/.m2/repository/javax/servlet/com.springsource.javax.servlet/2.5.0/com.springsource.javax.servlet-2.5.0.jar:/Users/carlosalvite/.m2/repository/javax/servlet/com.springsource.javax.servlet.jsp.jstl/1.2.0/com.springsource.javax.servlet.jsp.jstl-1.2.0.jar:/Users/carlosalvite/.m2/repository/javax/transaction/com.springsource.javax.transaction/1.1.0/com.springsource.javax.transaction-1.1.0.jar:/Users/carlosalvite/.m2/repository/javax/validation/com.springsource.javax.validation/1.0.0.GA/com.springsource.javax.validation-1.0.0.GA.jar:/Users/carlosalvite/.m2/repository/net/sourceforge/cglib/com.springsource.net.sf.cglib/2.1.3/com.springsource.net.sf.cglib-2.1.3.jar:/Users/carlosalvite/.m2/repository/net/sourceforge/ehcache/com.springsource.net.sf.ehcache/1.4.1/com.springsource.net.sf.ehcache-1.4.1.jar:/Users/carlosalvite/.m2/repository/net/sourceforge/jsr107cache/com.springsource.net.sf.jsr107cache/1.0.0/com.springsource.net.sf.jsr107cache-1.0.0.jar:/Users/carlosalvite/.m2/repository/org/antlr/com.springsource.antlr/2.7.6/com.springsource.antlr-2.7.6.jar:/Users/carlosalvite/.m2/repository/org/aopalliance/com.springsource.org.aopalliance/1.0.0/com.springsource.org.aopalliance-1.0.0.jar:/Users/carlosalvite/.m2/repository/org/apache/commons/com.springsource.org.apache.commons.beanutils/1.8.0/com.springsource.org.apache.commons.beanutils-1.8.0.jar:/Users/carlosalvite/.m2/repository/org/apache/commons/com.springsource.org.apache.commons.collections/3.2.0/com.springsource.org.apache.commons.collections-3.2.0.jar:/Users/carlosalvite/.m2/repository/org/apache/commons/com.springsource.org.apache.commons.dbcp/1.2.2.osgi/com.springsource.org.apache.commons.dbcp-1.2.2.osgi.jar:/Users/carlosalvite/.m2/repository/org/apache/commons/com.springsource.org.apache.commons.digester/1.8.1/com.springsource.org.apache.commons.digester-1.8.1.jar:/Users/carlosalvite/.m2/repository/org/apache/commons/com.springsource.org.apache.commons.fileupload/1.2.0/com.springsource.org.apache.commons.fileupload-1.2.0.jar:/Users/carlosalvite/.m2/repository/org/apache/commons/com.springsource.org.apache.commons.io/1.4.0/com.springsource.org.apache.commons.io-1.4.0.jar:/Users/carlosalvite/.m2/repository/org/apache/commons/com.springsource.org.apache.commons.logging/1.1.1/com.springsource.org.apache.commons.logging-1.1.1.jar:/Users/carlosalvite/.m2/repository/org/apache/commons/com.springsource.org.apache.commons.pool/1.3.0/com.springsource.org.apache.commons.pool-1.3.0.jar:/Users/carlosalvite/.m2/repository/org/apache/commons/commons-lang3/3.1/commons-lang3-3.1.jar:/Users/carlosalvite/.m2/repository/org/apache/el/com.springsource.org.apache.el/6.0.20/com.springsource.org.apache.el-6.0.20.jar:/Users/carlosalvite/.m2/repository/org/apache/log4j/com.springsource.org.apache.log4j/1.2.15/com.springsource.org.apache.log4j-1.2.15.jar:/Users/carlosalvite/.m2/repository/org/apache/taglibs/com.springsource.org.apache.taglibs.standard/1.1.2/com.springsource.org.apache.taglibs.standard-1.1.2.jar:/Users/carlosalvite/.m2/repository/org/apache/tiles/com.springsource.org.apache.tiles/2.1.3/com.springsource.org.apache.tiles-2.1.3.jar:/Users/carlosalvite/.m2/repository/org/apache/tiles/com.springsource.org.apache.tiles.core/2.1.3/com.springsource.org.apache.tiles.core-2.1.3.jar:/Users/carlosalvite/.m2/repository/org/apache/tiles/com.springsource.org.apache.tiles.jsp/2.1.3/com.springsource.org.apache.tiles.jsp-2.1.3.jar:/Users/carlosalvite/.m2/repository/org/apache/tiles/com.springsource.org.apache.tiles.servlet/2.1.3/com.springsource.org.apache.tiles.servlet-2.1.3.jar:/Users/carlosalvite/.m2/repository/org/aspectj/com.springsource.org.aspectj.runtime/1.6.6.RELEASE/com.springsource.org.aspectj.runtime-1.6.6.RELEASE.jar:/Users/carlosalvite/.m2/repository/org/codehaus/jackson/jackson-core-asl/1.9.9/jackson-core-asl-1.9.9.jar:/Users/carlosalvite/.m2/repository/org/codehaus/jackson/jackson-core-lgpl/1.9.9/jackson-core-lgpl-1.9.9.jar:/Users/carlosalvite/.m2/repository/org/codehaus/jackson/jackson-mapper-lgpl/1.9.9/jackson-mapper-lgpl-1.9.9.jar:/Users/carlosalvite/.m2/repository/org/dom4j/com.springsource.org.dom4j/1.6.1/com.springsource.org.dom4j-1.6.1.jar:/Users/carlosalvite/.m2/repository/org/hibernate/com.springsource.org.hibernate/3.2.6.ga/com.springsource.org.hibernate-3.2.6.ga.jar:/Users/carlosalvite/.m2/repository/org/hibernate/com.springsource.org.hibernate.annotations/3.3.1.ga/com.springsource.org.hibernate.annotations-3.3.1.ga.jar:/Users/carlosalvite/.m2/repository/org/hibernate/com.springsource.org.hibernate.annotations.common/3.3.0.ga/com.springsource.org.hibernate.annotations.common-3.3.0.ga.jar:/Users/carlosalvite/.m2/repository/org/hibernate/com.springsource.org.hibernate.ejb/3.3.2.GA/com.springsource.org.hibernate.ejb-3.3.2.GA.jar:/Users/carlosalvite/.m2/repository/org/hibernate/com.springsource.org.hibernate.validator/4.0.0.GA/com.springsource.org.hibernate.validator-4.0.0.GA.jar:/Users/carlosalvite/.m2/repository/org/jboss/javassist/com.springsource.javassist/3.3.0.ga/com.springsource.javassist-3.3.0.ga.jar:/Users/carlosalvite/.m2/repository/org/jboss/util/com.springsource.org.jboss.util/2.0.4.GA/com.springsource.org.jboss.util-2.0.4.GA.jar:/Users/carlosalvite/.m2/repository/org/joda/com.springsource.org.joda.time/1.6.0/com.springsource.org.joda.time-1.6.0.jar:/Users/carlosalvite/.m2/repository/org/objectweb/asm/com.springsource.org.objectweb.asm/1.5.3/com.springsource.org.objectweb.asm-1.5.3.jar:/Users/carlosalvite/.m2/repository/org/objectweb/asm/com.springsource.org.objectweb.asm.attrs/1.5.3/com.springsource.org.objectweb.asm.attrs-1.5.3.jar:/Users/carlosalvite/.m2/repository/org/slf4j/com.springsource.slf4j.api/1.5.6/com.springsource.slf4j.api-1.5.6.jar:/Users/carlosalvite/.m2/repository/org/slf4j/com.springsource.slf4j.log4j/1.5.6/com.springsource.slf4j.log4j-1.5.6.jar:/Users/carlosalvite/.m2/repository/org/springframework/org.springframework.aop/3.0.0.RELEASE/org.springframework.aop-3.0.0.RELEASE.jar:/Users/carlosalvite/.m2/repository/org/springframework/org.springframework.asm/3.0.0.RELEASE/org.springframework.asm-3.0.0.RELEASE.jar:/Users/carlosalvite/.m2/repository/org/springframework/org.springframework.aspects/3.0.0.RELEASE/org.springframework.aspects-3.0.0.RELEASE.jar:/Users/carlosalvite/.m2/repository/org/springframework/org.springframework.beans/3.0.0.RELEASE/org.springframework.beans-3.0.0.RELEASE.jar:/Users/carlosalvite/.m2/repository/org/springframework/org.springframework.context/3.0.0.RELEASE/org.springframework.context-3.0.0.RELEASE.jar:/Users/carlosalvite/.m2/repository/org/springframework/org.springframework.core/3.0.0.RELEASE/org.springframework.core-3.0.0.RELEASE.jar:/Users/carlosalvite/.m2/repository/org/springframework/org.springframework.expression/3.0.0.RELEASE/org.springframework.expression-3.0.0.RELEASE.jar:/Users/carlosalvite/.m2/repository/org/springframework/org.springframework.jdbc/3.0.0.RELEASE/org.springframework.jdbc-3.0.0.RELEASE.jar:/Users/carlosalvite/.m2/repository/org/springframework/org.springframework.orm/3.0.0.RELEASE/org.springframework.orm-3.0.0.RELEASE.jar:/Users/carlosalvite/.m2/repository/org/springframework/org.springframework.transaction/3.0.0.RELEASE/org.springframework.transaction-3.0.0.RELEASE.jar:/Users/carlosalvite/.m2/repository/org/springframework/org.springframework.web/3.0.0.RELEASE/org.springframework.web-3.0.0.RELEASE.jar:/Users/carlosalvite/.m2/repository/org/springframework/org.springframework.web.servlet/3.0.0.RELEASE/org.springframework.web.servlet-3.0.0.RELEASE.jar:/Users/carlosalvite/.m2/repository/org/springframework/roo/org.springframework.roo.annotations/1.0.2.RELEASE/org.springframework.roo.annotations-1.0.2.RELEASE.jar:/Users/carlosalvite/.m2/repository/org/springframework/webflow/org.springframework.js/2.0.8.RELEASE/org.springframework.js-2.0.8.RELEASE.jar:/Users/carlosalvite/.m2/repository/org/tuckey/com.springsource.org.tuckey.web.filters.urlrewrite/3.1.0/com.springsource.org.tuckey.web.filters.urlrewrite-3.1.0.jar:/Users/carlosalvite/.m2/repository/postgresql/postgresql/9.0-801.jdbc4/postgresql-9.0-801.jdbc4.jar:/Users/carlosalvite/Documents/DeulerConsultores/aquedarse.com/src/app/target/classes
-aspectpath
/Users/carlosalvite/.m2/repository/org/springframework/org.springframework.aspects/3.0.0.RELEASE/org.springframework.aspects-3.0.0.RELEASE.jar
-d
/Users/carlosalvite/Documents/DeulerConsultores/aquedarse.com/src/app/target/classes
/Users/carlosalvite/Documents/DeulerConsultores/aquedarse.com/src/app/src/main/java/com/alojamientosturisticos/domain/Configuracion_Roo_Finder.aj
/Users/carlosalvite/Documents/DeulerConsultores/aquedarse.com/src/app/src/main/java/com/alojamientosturisticos/domain/Publicacion_Roo_Entity.aj
/Users/carlosalvite/Documents/DeulerConsultores/aquedarse.com/src/app/src/main/java/com/alojamientosturisticos/web/CuentaBancariaController_Roo_Controller.aj
/Users/carlosalvite/Documents/DeulerConsultores/aquedarse.com/src/app/src/main/java/com/alojamientosturisticos/domain/Alojamiento_Roo_ToString.aj
/Users/carlosalvite/Documents/DeulerConsultores/aquedarse.com/src/app/src/main/java/com/alojamientosturisticos/web/PublicacionController.java
/Users/carlosalvite/Documents/DeulerConsultores/aquedarse.com/src/app/src/main/java/com/alojamientosturisticos/web/FechaTemporadaAltaController_Roo_Controller.aj
/Users/carlosalvite/Documents/DeulerConsultores/aquedarse.com/src/app/src/main/java/com/alojamientosturisticos/domain/Ubicacion.java
/Users/carlosalvite/Documents/DeulerConsultores/aquedarse.com/src/app/src/main/java/com/alojamientosturisticos/domain/ComodidadGeneralAdicional_Roo_JavaBean.aj
/Users/carlosalvite/Documents/DeulerConsultores/aquedarse.com/src/app/src/main/java/com/alojamientosturisticos/web/ImagenController.java
/Users/carlosalvite/Documents/DeulerConsultores/aquedarse.com/src/app/src/main/java/com/alojamientosturisticos/domain/Comodidades_Roo_Configurable.aj
/Users/carlosalvite/Documents/DeulerConsultores/aquedarse.com/src/app/src/main/java/com/alojamientosturisticos/domain/Configuracion_Roo_ToString.aj
/Users/carlosalvite/Documents/DeulerConsultores/aquedarse.com/src/app/src/main/java/com/alojamientosturisticos/web/UbicacionController.java
/Users/carlosalvite/Documents/DeulerConsultores/aquedarse.com/src/app/src/main/java/com/alojamientosturisticos/domain/ComodidadesAdicionales_Roo_Configurable.aj
/Users/carlosalvite/Documents/DeulerConsultores/aquedarse.com/src/app/src/main/java/com/alojamientosturisticos/domain/ComodidadGeneralAdicional.java
/Users/carlosalvite/Documents/DeulerConsultores/aquedarse.com/src/app/src/main/java/com/alojamientosturisticos/web/ComodidadesController_Roo_Controller.aj
/Users/carlosalvite/Documents/DeulerConsultores/aquedarse.com/src/app/src/main/java/com/alojamientosturisticos/domain/Municipio_Roo_ToString.aj
/Users/carlosalvite/Documents/DeulerConsultores/aquedarse.com/src/app/src/main/java/com/alojamientosturisticos/util/Util.java
/Users/carlosalvite/Documents/DeulerConsultores/aquedarse.com/src/app/src/main/java/com/alojamientosturisticos/web/BancoController.java
/Users/carlosalvite/Documents/DeulerConsultores/aquedarse.com/src/app/src/main/java/com/alojamientosturisticos/domain/TipoHabitacion_Roo_Entity.aj
/Users/carlosalvite/Documents/DeulerConsultores/aquedarse.com/src/app/src/main/java/com/alojamientosturisticos/web/ImagenController_Roo_Controller.aj
/Users/carlosalvite/Documents/DeulerConsultores/aquedarse.com/src/app/src/main/java/com/alojamientosturisticos/web/ComodidadesAdicionalesController.java
/Users/carlosalvite/Documents/DeulerConsultores/aquedarse.com/src/app/src/main/java/com/alojamientosturisticos/domain/Publicacion_Roo_Finder.aj
/Users/carlosalvite/Documents/DeulerConsultores/aquedarse.com/src/app/src/main/java/com/alojamientosturisticos/domain/Pais_Roo_Entity.aj
/Users/carlosalvite/Documents/DeulerConsultores/aquedarse.com/src/app/src/main/java/com/alojamientosturisticos/domain/Publicacion_Roo_JavaBean.aj
/Users/carlosalvite/Documents/DeulerConsultores/aquedarse.com/src/app/src/main/java/com/alojamientosturisticos/domain/ComodidadGeneralAdicional_Roo_Finder.aj
/Users/carlosalvite/Documents/DeulerConsultores/aquedarse.com/src/app/src/main/java/com/alojamientosturisticos/web/TipoCiRifController.java
/Users/carlosalvite/Documents/DeulerConsultores/aquedarse.com/src/app/src/main/java/com/alojamientosturisticos/domain/Moneda_Roo_JavaBean.aj
/Users/carlosalvite/Documents/DeulerConsultores/aquedarse.com/src/app/src/main/java/com/alojamientosturisticos/domain/TipoTarifa_Roo_Entity.aj
/Users/carlosalvite/Documents/DeulerConsultores/aquedarse.com/src/app/src/main/java/com/alojamientosturisticos/web/ComodidadGeneralController.java
/Users/carlosalvite/Documents/DeulerConsultores/aquedarse.com/src/app/src/main/java/com/alojamientosturisticos/web/AlojamientoController_Roo_Controller.aj
/Users/carlosalvite/Documents/DeulerConsultores/aquedarse.com/src/app/src/main/java/com/alojamientosturisticos/web/TipoCiRifController_Roo_Controller.aj
/Users/carlosalvite/Documents/DeulerConsultores/aquedarse.com/src/app/src/main/java/com/alojamientosturisticos/web/TipoHabitacionController_Roo_Controller.aj
/Users/carlosalvite/Documents/DeulerConsultores/aquedarse.com/src/app/src/main/java/com/alojamientosturisticos/domain/TipoHabitacion_Roo_JavaBean.aj
/Users/carlosalvite/Documents/DeulerConsultores/aquedarse.com/src/app/src/main/java/com/alojamientosturisticos/web/EstadoController.java
/Users/carlosalvite/Documents/DeulerConsultores/aquedarse.com/src/app/src/main/java/com/alojamientosturisticos/domain/Ubicacion_Roo_Configurable.aj
/Users/carlosalvite/Documents/DeulerConsultores/aquedarse.com/src/app/src/main/java/com/alojamientosturisticos/domain/Comodidades_Roo_JavaBean.aj
/Users/carlosalvite/Documents/DeulerConsultores/aquedarse.com/src/app/src/main/java/com/alojamientosturisticos/web/UbicacionController_Roo_Controller.aj
/Users/carlosalvite/Documents/DeulerConsultores/aquedarse.com/src/app/src/main/java/com/alojamientosturisticos/web/TipoTarifaController_Roo_Controller.aj
/Users/carlosalvite/Documents/DeulerConsultores/aquedarse.com/src/app/src/main/java/com/alojamientosturisticos/web/EstadoController_Roo_Controller.aj
/Users/carlosalvite/Documents/DeulerConsultores/aquedarse.com/src/app/src/main/java/com/alojamientosturisticos/domain/ServiciosIncluidosAdicionales_Roo_Finder.aj
/Users/carlosalvite/Documents/DeulerConsultores/aquedarse.com/src/app/src/main/java/com/alojamientosturisticos/domain/Alojamiento_Roo_JavaBean.aj
/Users/carlosalvite/Documents/DeulerConsultores/aquedarse.com/src/app/src/main/java/com/alojamientosturisticos/web/ParroquiaController_Roo_Controller.aj
/Users/carlosalvite/Documents/DeulerConsultores/aquedarse.com/src/app/src/main/java/com/alojamientosturisticos/domain/Publicacion_Roo_Configurable.aj
/Users/carlosalvite/Documents/DeulerConsultores/aquedarse.com/src/app/src/main/java/com/alojamientosturisticos/domain/ComodidadesAdicionales_Roo_JavaBean.aj
/Users/carlosalvite/Documents/DeulerConsultores/aquedarse.com/src/app/src/main/java/com/alojamientosturisticos/domain/FechaTemporadaAlta.java
/Users/carlosalvite/Documents/DeulerConsultores/aquedarse.com/src/app/src/main/java/com/alojamientosturisticos/domain/TipoCiRif.java
/Users/carlosalvite/Documents/DeulerConsultores/aquedarse.com/src/app/src/main/java/com/alojamientosturisticos/domain/ServiciosIncluidosAdicionales.java
/Users/carlosalvite/Documents/DeulerConsultores/aquedarse.com/src/app/src/main/java/com/alojamientosturisticos/web/CuentaBancariaController.java
/Users/carlosalvite/Documents/DeulerConsultores/aquedarse.com/src/app/src/main/java/com/alojamientosturisticos/domain/ServiciosIncluidos_Roo_Configurable.aj
/Users/carlosalvite/Documents/DeulerConsultores/aquedarse.com/src/app/src/main/java/com/alojamientosturisticos/domain/Moneda_Roo_Configurable.aj
/Users/carlosalvite/Documents/DeulerConsultores/aquedarse.com/src/app/src/main/java/com/alojamientosturisticos/domain/Parroquia_Roo_Entity.aj
/Users/carlosalvite/Documents/DeulerConsultores/aquedarse.com/src/app/src/main/java/com/alojamientosturisticos/domain/CuentaBancaria_Roo_ToString.aj
/Users/carlosalvite/Documents/DeulerConsultores/aquedarse.com/src/app/src/main/java/com/alojamientosturisticos/web/ServiciosIncluidosAdicionalesController_Roo_Controller.aj
/Users/carlosalvite/Documents/DeulerConsultores/aquedarse.com/src/app/src/main/java/com/alojamientosturisticos/domain/Estado.java
/Users/carlosalvite/Documents/DeulerConsultores/aquedarse.com/src/app/src/main/java/com/alojamientosturisticos/domain/Moneda_Roo_ToString.aj
/Users/carlosalvite/Documents/DeulerConsultores/aquedarse.com/src/app/src/main/java/com/alojamientosturisticos/domain/ComodidadesAdicionales_Roo_Entity.aj
/Users/carlosalvite/Documents/DeulerConsultores/aquedarse.com/src/app/src/main/java/com/alojamientosturisticos/web/MunicipioController_Roo_Controller.aj
/Users/carlosalvite/Documents/DeulerConsultores/aquedarse.com/src/app/src/main/java/com/alojamientosturisticos/domain/ComodidadesAdicionales_Roo_Finder.aj
/Users/carlosalvite/Documents/DeulerConsultores/aquedarse.com/src/app/src/main/java/com/alojamientosturisticos/domain/Publicacion_Roo_ToString.aj
/Users/carlosalvite/Documents/DeulerConsultores/aquedarse.com/src/app/src/main/java/com/alojamientosturisticos/domain/Pais_Roo_JavaBean.aj
/Users/carlosalvite/Documents/DeulerConsultores/aquedarse.com/src/app/src/main/java/com/alojamientosturisticos/domain/Pais.java
/Users/carlosalvite/Documents/DeulerConsultores/aquedarse.com/src/app/src/main/java/com/alojamientosturisticos/web/ComodidadesAdicionalesController_Roo_Controller.aj
/Users/carlosalvite/Documents/DeulerConsultores/aquedarse.com/src/app/src/main/java/com/alojamientosturisticos/domain/CuentaBancaria_Roo_Configurable.aj
/Users/carlosalvite/Documents/DeulerConsultores/aquedarse.com/src/app/src/main/java/com/alojamientosturisticos/domain/ComodidadGeneral_Roo_JavaBean.aj
/Users/carlosalvite/Documents/DeulerConsultores/aquedarse.com/src/app/src/main/java/com/alojamientosturisticos/domain/Pais_Roo_ToString.aj
/Users/carlosalvite/Documents/DeulerConsultores/aquedarse.com/src/app/src/main/java/com/alojamientosturisticos/domain/TipoTarifa_Roo_JavaBean.aj
/Users/carlosalvite/Documents/DeulerConsultores/aquedarse.com/src/app/src/main/java/com/alojamientosturisticos/domain/Configuracion_Roo_Configurable.aj
/Users/carlosalvite/Documents/DeulerConsultores/aquedarse.com/src/app/src/main/java/com/alojamientosturisticos/domain/ServiciosIncluidos.java
/Users/carlosalvite/Documents/DeulerConsultores/aquedarse.com/src/app/src/main/java/com/alojamientosturisticos/domain/TipoHabitacion.java
/Users/carlosalvite/Documents/DeulerConsultores/aquedarse.com/src/app/src/main/java/com/alojamientosturisticos/domain/Parroquia_Roo_ToString.aj
/Users/carlosalvite/Documents/DeulerConsultores/aquedarse.com/src/app/src/main/java/com/alojamientosturisticos/domain/Publicacion.java
/Users/carlosalvite/Documents/DeulerConsultores/aquedarse.com/src/app/src/main/java/com/alojamientosturisticos/domain/FechaTemporadaAlta_Roo_Entity.aj
/Users/carlosalvite/Documents/DeulerConsultores/aquedarse.com/src/app/src/main/java/com/alojamientosturisticos/domain/Parroquia.java
/Users/carlosalvite/Documents/DeulerConsultores/aquedarse.com/src/app/src/main/java/com/alojamientosturisticos/domain/TipoTarifa.java
/Users/carlosalvite/Documents/DeulerConsultores/aquedarse.com/src/app/src/main/java/com/alojamientosturisticos/domain/ComodidadGeneral.java
/Users/carlosalvite/Documents/DeulerConsultores/aquedarse.com/src/app/src/main/java/com/alojamientosturisticos/domain/TipoAlojamiento_Roo_Entity.aj
/Users/carlosalvite/Documents/DeulerConsultores/aquedarse.com/src/app/src/main/java/com/alojamientosturisticos/web/AlojamientoController.java
/Users/carlosalvite/Documents/DeulerConsultores/aquedarse.com/src/app/src/main/java/com/alojamientosturisticos/domain/TipoAlojamiento_Roo_Configurable.aj
/Users/carlosalvite/Documents/DeulerConsultores/aquedarse.com/src/app/src/main/java/com/alojamientosturisticos/domain/TipoCiRif_Roo_Entity.aj
/Users/carlosalvite/Documents/DeulerConsultores/aquedarse.com/src/app/src/main/java/com/alojamientosturisticos/web/MunicipioController.java
/Users/carlosalvite/Documents/DeulerConsultores/aquedarse.com/src/app/src/main/java/com/alojamientosturisticos/web/TipoAlojamientoController.java
/Users/carlosalvite/Documents/DeulerConsultores/aquedarse.com/src/app/src/main/java/com/alojamientosturisticos/domain/ComodidadGeneralAdicional_Roo_Configurable.aj
/Users/carlosalvite/Documents/DeulerConsultores/aquedarse.com/src/app/src/main/java/com/alojamientosturisticos/domain/Configuracion_Roo_JavaBean.aj
/Users/carlosalvite/Documents/DeulerConsultores/aquedarse.com/src/app/src/main/java/com/alojamientosturisticos/web/ConfiguracionController_Roo_Controller.aj
/Users/carlosalvite/Documents/DeulerConsultores/aquedarse.com/src/app/src/main/java/com/alojamientosturisticos/domain/Ubicacion_Roo_Entity.aj
/Users/carlosalvite/Documents/DeulerConsultores/aquedarse.com/src/app/src/main/java/com/alojamientosturisticos/domain/Municipio_Roo_Configurable.aj
/Users/carlosalvite/Documents/DeulerConsultores/aquedarse.com/src/app/src/main/java/com/alojamientosturisticos/domain/ServiciosIncluidos_Roo_Entity.aj
/Users/carlosalvite/Documents/DeulerConsultores/aquedarse.com/src/app/src/main/java/com/alojamientosturisticos/domain/Imagen_Roo_JavaBean.aj
/Users/carlosalvite/Documents/DeulerConsultores/aquedarse.com/src/app/src/main/java/com/alojamientosturisticos/domain/Moneda_Roo_Entity.aj
/Users/carlosalvite/Documents/DeulerConsultores/aquedarse.com/src/app/src/main/java/com/alojamientosturisticos/domain/Ubicacion_Roo_JavaBean.aj
/Users/carlosalvite/Documents/DeulerConsultores/aquedarse.com/src/app/src/main/java/com/alojamientosturisticos/domain/Municipio.java
/Users/carlosalvite/Documents/DeulerConsultores/aquedarse.com/src/app/src/main/java/com/alojamientosturisticos/web/ComodidadGeneralAdicionalController_Roo_Controller.aj
/Users/carlosalvite/Documents/DeulerConsultores/aquedarse.com/src/app/src/main/java/com/alojamientosturisticos/domain/ComodidadesAdicionales.java
/Users/carlosalvite/Documents/DeulerConsultores/aquedarse.com/src/app/src/main/java/com/alojamientosturisticos/domain/ServiciosIncluidosAdicionales_Roo_JavaBean.aj
/Users/carlosalvite/Documents/DeulerConsultores/aquedarse.com/src/app/src/main/java/com/alojamientosturisticos/web/BancoController_Roo_Controller.aj
/Users/carlosalvite/Documents/DeulerConsultores/aquedarse.com/src/app/src/main/java/com/alojamientosturisticos/web/ParroquiaController.java
/Users/carlosalvite/Documents/DeulerConsultores/aquedarse.com/src/app/src/main/java/com/alojamientosturisticos/domain/TipoCiRif_Roo_Configurable.aj
/Users/carlosalvite/Documents/DeulerConsultores/aquedarse.com/src/app/src/main/java/com/alojamientosturisticos/domain/Municipio_Roo_Entity.aj
/Users/carlosalvite/Documents/DeulerConsultores/aquedarse.com/src/app/src/main/java/com/alojamientosturisticos/domain/Banco_Roo_JavaBean.aj
/Users/carlosalvite/Documents/DeulerConsultores/aquedarse.com/src/app/src/main/java/com/alojamientosturisticos/web/ServiciosIncluidosController_Roo_Controller.aj
/Users/carlosalvite/Documents/DeulerConsultores/aquedarse.com/src/app/src/main/java/com/alojamientosturisticos/web/ConfiguracionController.java
/Users/carlosalvite/Documents/DeulerConsultores/aquedarse.com/src/app/src/main/java/com/alojamientosturisticos/domain/FechaTemporadaAlta_Roo_JavaBean.aj
/Users/carlosalvite/Documents/DeulerConsultores/aquedarse.com/src/app/src/main/java/com/alojamientosturisticos/web/ComodidadGeneralAdicionalController.java
/Users/carlosalvite/Documents/DeulerConsultores/aquedarse.com/src/app/src/main/java/com/alojamientosturisticos/domain/Alojamiento.java
/Users/carlosalvite/Documents/DeulerConsultores/aquedarse.com/src/app/src/main/java/com/alojamientosturisticos/domain/Alojamiento_Roo_Finder.aj
/Users/carlosalvite/Documents/DeulerConsultores/aquedarse.com/src/app/src/main/java/com/alojamientosturisticos/domain/Imagen_Roo_Finder.aj
/Users/carlosalvite/Documents/DeulerConsultores/aquedarse.com/src/app/src/main/java/com/alojamientosturisticos/domain/CuentaBancaria_Roo_Entity.aj
/Users/carlosalvite/Documents/DeulerConsultores/aquedarse.com/src/app/src/main/java/com/alojamientosturisticos/domain/Imagen.java
/Users/carlosalvite/Documents/DeulerConsultores/aquedarse.com/src/app/src/main/java/com/alojamientosturisticos/domain/ServiciosIncluidos_Roo_JavaBean.aj
/Users/carlosalvite/Documents/DeulerConsultores/aquedarse.com/src/app/src/main/java/com/alojamientosturisticos/domain/Imagen_Roo_Configurable.aj
/Users/carlosalvite/Documents/DeulerConsultores/aquedarse.com/src/app/src/main/java/com/alojamientosturisticos/domain/Parroquia_Roo_Configurable.aj
/Users/carlosalvite/Documents/DeulerConsultores/aquedarse.com/src/app/src/main/java/com/alojamientosturisticos/domain/CuentaBancaria_Roo_Finder.aj
/Users/carlosalvite/Documents/DeulerConsultores/aquedarse.com/src/app/src/main/java/com/alojamientosturisticos/web/PublicacionController_Roo_Controller.aj
/Users/carlosalvite/Documents/DeulerConsultores/aquedarse.com/src/app/src/main/java/com/alojamientosturisticos/form/AlojamientoMegaForm.java
/Users/carlosalvite/Documents/DeulerConsultores/aquedarse.com/src/app/src/main/java/com/alojamientosturisticos/domain/TipoTarifa_Roo_Configurable.aj
/Users/carlosalvite/Documents/DeulerConsultores/aquedarse.com/src/app/src/main/java/com/alojamientosturisticos/domain/Pais_Roo_Configurable.aj
/Users/carlosalvite/Documents/DeulerConsultores/aquedarse.com/src/app/src/main/java/com/alojamientosturisticos/domain/Moneda.java
/Users/carlosalvite/Documents/DeulerConsultores/aquedarse.com/src/app/src/main/java/com/alojamientosturisticos/domain/ServiciosIncluidosAdicionales_Roo_Configurable.aj
/Users/carlosalvite/Documents/DeulerConsultores/aquedarse.com/src/app/src/main/java/com/alojamientosturisticos/domain/Configuracion.java
/Users/carlosalvite/Documents/DeulerConsultores/aquedarse.com/src/app/src/main/java/com/alojamientosturisticos/domain/ComodidadGeneral_Roo_Entity.aj
/Users/carlosalvite/Documents/DeulerConsultores/aquedarse.com/src/app/src/main/java/com/alojamientosturisticos/domain/ComodidadGeneral_Roo_Configurable.aj
/Users/carlosalvite/Documents/DeulerConsultores/aquedarse.com/src/app/src/main/java/com/alojamientosturisticos/domain/ComodidadGeneral_Roo_Finder.aj
/Users/carlosalvite/Documents/DeulerConsultores/aquedarse.com/src/app/src/main/java/com/alojamientosturisticos/web/TipoTarifaController.java
/Users/carlosalvite/Documents/DeulerConsultores/aquedarse.com/src/app/src/main/java/com/alojamientosturisticos/web/TipoHabitacionController.java
/Users/carlosalvite/Documents/DeulerConsultores/aquedarse.com/src/app/src/main/java/com/alojamientosturisticos/web/ServiciosIncluidosController.java
/Users/carlosalvite/Documents/DeulerConsultores/aquedarse.com/src/app/src/main/java/com/alojamientosturisticos/domain/ServiciosIncluidosAdicionales_Roo_Entity.aj
/Users/carlosalvite/Documents/DeulerConsultores/aquedarse.com/src/app/src/main/java/com/alojamientosturisticos/domain/ComodidadGeneralAdicional_Roo_Entity.aj
/Users/carlosalvite/Documents/DeulerConsultores/aquedarse.com/src/app/src/main/java/com/alojamientosturisticos/domain/FechaTemporadaAlta_Roo_Configurable.aj
/Users/carlosalvite/Documents/DeulerConsultores/aquedarse.com/src/app/src/main/java/com/alojamientosturisticos/domain/FechaTemporadaAlta_Roo_ToString.aj
/Users/carlosalvite/Documents/DeulerConsultores/aquedarse.com/src/app/src/main/java/com/alojamientosturisticos/web/TipoAlojamientoController_Roo_Controller.aj
/Users/carlosalvite/Documents/DeulerConsultores/aquedarse.com/src/app/src/main/java/com/alojamientosturisticos/domain/Comodidades_Roo_Entity.aj
/Users/carlosalvite/Documents/DeulerConsultores/aquedarse.com/src/app/src/main/java/com/alojamientosturisticos/domain/Banco_Roo_Entity.aj
/Users/carlosalvite/Documents/DeulerConsultores/aquedarse.com/src/app/src/main/java/com/alojamientosturisticos/domain/Banco_Roo_Configurable.aj
/Users/carlosalvite/Documents/DeulerConsultores/aquedarse.com/src/app/src/main/java/com/alojamientosturisticos/domain/Imagen_Roo_Entity.aj
/Users/carlosalvite/Documents/DeulerConsultores/aquedarse.com/src/app/src/main/java/com/alojamientosturisticos/web/FechaTemporadaAltaController.java
/Users/carlosalvite/Documents/DeulerConsultores/aquedarse.com/src/app/src/main/java/com/alojamientosturisticos/domain/Estado_Roo_Entity.aj
/Users/carlosalvite/Documents/DeulerConsultores/aquedarse.com/src/app/src/main/java/com/alojamientosturisticos/web/ComodidadGeneralController_Roo_Controller.aj
/Users/carlosalvite/Documents/DeulerConsultores/aquedarse.com/src/app/src/main/java/com/alojamientosturisticos/domain/Alojamiento_Roo_Configurable.aj
/Users/carlosalvite/Documents/DeulerConsultores/aquedarse.com/src/app/src/main/java/com/alojamientosturisticos/domain/TipoHabitacion_Roo_Configurable.aj
/Users/carlosalvite/Documents/DeulerConsultores/aquedarse.com/src/app/src/main/java/com/alojamientosturisticos/domain/Estado_Roo_Configurable.aj
/Users/carlosalvite/Documents/DeulerConsultores/aquedarse.com/src/app/src/main/java/com/alojamientosturisticos/domain/TipoAlojamiento_Roo_JavaBean.aj
/Users/carlosalvite/Documents/DeulerConsultores/aquedarse.com/src/app/src/main/java/com/alojamientosturisticos/web/ServiciosIncluidosAdicionalesController.java
/Users/carlosalvite/Documents/DeulerConsultores/aquedarse.com/src/app/src/main/java/com/alojamientosturisticos/domain/Ubicacion_Roo_Finder.aj
/Users/carlosalvite/Documents/DeulerConsultores/aquedarse.com/src/app/src/main/java/com/alojamientosturisticos/domain/Estado_Roo_JavaBean.aj
/Users/carlosalvite/Documents/DeulerConsultores/aquedarse.com/src/app/src/main/java/com/alojamientosturisticos/domain/TipoAlojamiento.java
/Users/carlosalvite/Documents/DeulerConsultores/aquedarse.com/src/app/src/main/java/com/alojamientosturisticos/domain/Banco.java
/Users/carlosalvite/Documents/DeulerConsultores/aquedarse.com/src/app/src/main/java/com/alojamientosturisticos/domain/Configuracion_Roo_Entity.aj
/Users/carlosalvite/Documents/DeulerConsultores/aquedarse.com/src/app/src/main/java/com/alojamientosturisticos/domain/TipoCiRif_Roo_JavaBean.aj
/Users/carlosalvite/Documents/DeulerConsultores/aquedarse.com/src/app/src/main/java/com/alojamientosturisticos/domain/Comodidades.java
/Users/carlosalvite/Documents/DeulerConsultores/aquedarse.com/src/app/src/main/java/com/alojamientosturisticos/domain/CuentaBancaria.java
/Users/carlosalvite/Documents/DeulerConsultores/aquedarse.com/src/app/src/main/java/com/alojamientosturisticos/domain/Imagen_Roo_ToString.aj
/Users/carlosalvite/Documents/DeulerConsultores/aquedarse.com/src/app/src/main/java/com/alojamientosturisticos/domain/CuentaBancaria_Roo_JavaBean.aj
/Users/carlosalvite/Documents/DeulerConsultores/aquedarse.com/src/app/src/main/java/com/alojamientosturisticos/web/ComodidadesController.java
/Users/carlosalvite/Documents/DeulerConsultores/aquedarse.com/src/app/src/main/java/com/alojamientosturisticos/domain/FechaTemporadaAlta_Roo_Finder.aj
/Users/carlosalvite/Documents/DeulerConsultores/aquedarse.com/src/app/src/main/java/com/alojamientosturisticos/domain/Alojamiento_Roo_Entity.aj
